-----------------------GHACTIONS----------------------------
============================= test session starts ==============================
platform linux -- Python 3.11.8, pytest-9.1.0, pluggy-1.6.0 -- /opt/observer-smoke/env/bin/python3.11
cachedir: .pytest_cache
Using --randomly-seed=2023912428
django: version: 4.2.30, settings: observerrmm.settings (from env)
rootdir: /opt/observer-smoke/observerrmm
configfile: pytest.ini
plugins: randomly-4.1.0, xdist-3.8.0, cov-7.1.0, time-machine-3.2.0, anyio-4.13.0, django-4.12.0, timeout-2.4.0
collecting ... collected 649 items

ee/reporting/tests/test_import_export_template_views.py::TestImportReportTemplate::test_import_with_assets_with_conflicting_paths Creating test database for alias 'default'...
PASSED [  0%]
ee/reporting/tests/test_import_export_template_views.py::TestImportReportTemplate::test_name_conflict_on_repeated_calls PASSED [  0%]
ee/reporting/tests/test_import_export_template_views.py::TestImportReportTemplate::test_import_with_base_template PASSED [  0%]
ee/reporting/tests/test_import_export_template_views.py::TestImportReportTemplate::test_import_with_base_template_with_overwrite PASSED [  0%]
ee/reporting/tests/test_import_export_template_views.py::TestImportReportTemplate::test_import_with_assets PASSED [  0%]
ee/reporting/tests/test_import_export_template_views.py::TestImportReportTemplate::test_unauthenticated_import_report_template_view PASSED [  0%]
ee/reporting/tests/test_import_export_template_views.py::TestImportReportTemplate::test_invalid_data PASSED [  1%]
ee/reporting/tests/test_import_export_template_views.py::TestImportReportTemplate::test_basic_import PASSED [  1%]
ee/reporting/tests/test_import_export_template_views.py::TestExportReportTemplate::test_unauthenticated_export_report_template_view PASSED [  1%]
ee/reporting/tests/test_import_export_template_views.py::TestExportReportTemplate::test_export_report_template_with_base_template PASSED [  1%]
ee/reporting/tests/test_import_export_template_views.py::TestExportReportTemplate::test_export_report_template_without_base_template PASSED [  1%]
agents/tests/test_recovery.py::TestRecovery::test_recover PASSED         [  1%]
agents/tests/test_registry.py::TestBrowseRegistry::test_browse_registry_error_from_agent PASSED [  2%]
agents/tests/test_registry.py::TestBrowseRegistry::test_browse_registry_invalid_agent PASSED [  2%]
agents/tests/test_registry.py::TestBrowseRegistry::test_browse_registry_timeout PASSED [  2%]
agents/tests/test_registry.py::TestBrowseRegistry::test_browse_registry_success PASSED [  2%]
agents/tests/test_registry.py::TestBrowseRegistry::test_browse_registry_default_params PASSED [  2%]
agents/tests/test_registry.py::TestRenameRegistryValue::test_rename_registry_value_agent_error PASSED [  2%]
agents/tests/test_registry.py::TestRenameRegistryValue::test_rename_registry_value_missing_fields PASSED [  2%]
agents/tests/test_registry.py::TestRenameRegistryValue::test_rename_registry_value_success PASSED [  3%]
agents/tests/test_registry.py::TestCreateRegistry::test_create_registry_key_invalid_agent PASSED [  3%]
agents/tests/test_registry.py::TestCreateRegistry::test_create_registry_key_timeout PASSED [  3%]
agents/tests/test_registry.py::TestCreateRegistry::test_create_registry_key_missing_path PASSED [  3%]
agents/tests/test_registry.py::TestCreateRegistry::test_create_registry_key_agent_error PASSED [  3%]
agents/tests/test_registry.py::TestCreateRegistry::test_create_registry_key_nats_exception PASSED [  3%]
agents/tests/test_registry.py::TestCreateRegistry::test_create_registry_key_success PASSED [  4%]
agents/tests/test_registry.py::TestDeleteRegistryValue::test_delete_registry_value_success PASSED [  4%]
agents/tests/test_registry.py::TestDeleteRegistryValue::test_delete_registry_value_agent_error PASSED [  4%]
agents/tests/test_registry.py::TestDeleteRegistryValue::test_delete_registry_value_missing_params PASSED [  4%]
agents/tests/test_registry.py::TestDeleteRegistryKey::test_delete_registry_key_nats_failure PASSED [  4%]
agents/tests/test_registry.py::TestDeleteRegistryKey::test_delete_registry_key_missing_path PASSED [  4%]
agents/tests/test_registry.py::TestDeleteRegistryKey::test_delete_registry_key_success PASSED [  4%]
agents/tests/test_registry.py::TestModifyRegistryValue::test_modify_registry_value_success PASSED [  5%]
agents/tests/test_registry.py::TestModifyRegistryValue::test_modify_registry_value_missing_fields PASSED [  5%]
agents/tests/test_registry.py::TestModifyRegistryValue::test_modify_registry_value_agent_error PASSED [  5%]
agents/tests/test_registry.py::TestRenameRegistryKey::test_rename_registry_key_success PASSED [  5%]
agents/tests/test_registry.py::TestRenameRegistryKey::test_rename_registry_key_missing_paths PASSED [  5%]
agents/tests/test_registry.py::TestRenameRegistryKey::test_rename_registry_key_same_paths PASSED [  5%]
agents/tests/test_registry.py::TestRenameRegistryKey::test_rename_registry_key_nats_failure PASSED [  6%]
agents/tests/test_registry.py::TestCreateRegistryValue::test_create_registry_value_agent_error PASSED [  6%]
agents/tests/test_registry.py::TestCreateRegistryValue::test_create_registry_value_success PASSED [  6%]
agents/tests/test_registry.py::TestCreateRegistryValue::test_create_registry_value_missing_fields PASSED [  6%]
automation/tests.py::TestPolicyViews::test_reset_patch_policy PASSED     [  6%]
automation/tests.py::TestPolicyViews::test_create_new_patch_policy PASSED [  6%]
automation/tests.py::TestPolicyViews::test_add_policy PASSED             [  6%]
automation/tests.py::TestPolicyViews::test_get_policy_task_status PASSED [  7%]
automation/tests.py::TestPolicyViews::test_run_win_task PASSED           [  7%]
automation/tests.py::TestPolicyViews::test_get_policy PASSED             [  7%]
automation/tests.py::TestPolicyViews::test_delete_policy PASSED          [  7%]
automation/tests.py::TestPolicyViews::test_get_all_policies PASSED       [  7%]
automation/tests.py::TestPolicyViews::test_get_policy_check_status PASSED [  7%]
automation/tests.py::TestPolicyViews::test_update_policy PASSED          [  8%]
automation/tests.py::TestPolicyViews::test_delete_patch_policy PASSED    [  8%]
automation/tests.py::TestPolicyViews::test_policy_overview PASSED        [  8%]
automation/tests.py::TestPolicyViews::test_get_related PASSED            [  8%]
automation/tests.py::TestPolicyViews::test_update_patch_policy PASSED    [  8%]
automation/tests.py::TestPolicyTasks::test_run_policy_task PASSED        [  8%]
automation/tests.py::TestPolicyTasks::test_policy_exclusions PASSED      [  8%]
automation/tests.py::TestPolicyTasks::test_getting_agent_policy_checks_with_enforced PASSED [  9%]
automation/tests.py::TestPolicyTasks::test_getting_agent_policy_checks PASSED [  9%]
automation/tests.py::TestPolicyTasks::test_getting_agent_tasks PASSED    [  9%]
automation/tests.py::TestPolicyTasks::test_policy_inheritance_blocking PASSED [  9%]
automation/tests.py::TestPolicyTasks::test_policy_related PASSED         [  9%]
automation/tests.py::TestPolicyTasks::test_update_policy_tasks PASSED    [  9%]
agents/tests/test_agent_models.py::TestAgentStatus::test_offline_when_last_seen_exceeds_offline_time PASSED [ 10%]
agents/tests/test_agent_models.py::TestAgentStatus::test_overdue_when_last_seen_exceeds_overdue_time PASSED [ 10%]
agents/tests/test_agent_models.py::TestAgentStatus::test_online_when_last_seen_is_recent PASSED [ 10%]
agents/tests/test_agent_models.py::TestAgentStatus::test_offline_when_last_seen_is_none PASSED [ 10%]
agents/tests/test_agent_models.py::TestHexMeshNodeId::test_valid_hex_converts_to_mesh_b64 PASSED [ 10%]
agents/tests/test_agent_models.py::TestHexMeshNodeId::test_invalid_mesh_node_id_returns_error PASSED [ 10%]
agents/tests/test_agent_models.py::TestHexMeshNodeId::test_real_meshcentral_id_format PASSED [ 10%]
agents/tests/test_agent_models.py::TestGetAgentPolicies::test_no_policies_returns_none_values PASSED [ 11%]
agents/tests/test_agent_models.py::TestGetAgentPolicies::test_agent_policy_overrides_site_policy PASSED [ 11%]
agents/tests/test_agent_models.py::TestGetAgentPolicies::test_returns_four_policy_levels PASSED [ 11%]
autotasks/tests/test_scheduler.py::test_daily_task PASSED                [ 11%]
autotasks/tests/test_scheduler.py::test_monthly_task_sept_20 PASSED      [ 11%]
autotasks/tests/test_scheduler.py::test_monthly_DOW PASSED               [ 11%]
autotasks/tests/test_scheduler.py::test_monthly_DOW_3 PASSED             [ 12%]
autotasks/tests/test_scheduler.py::test_monthly_task_june_14 PASSED      [ 12%]
autotasks/tests/test_scheduler.py::test_monthly_task_june_15 PASSED      [ 12%]
autotasks/tests/test_scheduler.py::test_weekly_task PASSED               [ 12%]
autotasks/tests/test_scheduler.py::test_monthly_DOW_2 PASSED             [ 12%]
winupdate/tests.py::TestWinUpdateViews::test_install_updates PASSED      [ 12%]
winupdate/tests.py::TestWinUpdateViews::test_run_update_scan PASSED      [ 12%]
winupdate/tests.py::TestWinUpdateViews::test_edit_winupdate PASSED       [ 13%]
winupdate/tests.py::TestWinUpdateViews::test_get_winupdates PASSED       [ 13%]
winupdate/tests.py::TestWinUpdatePermissions::test_edit_winupdate_permissions PASSED [ 13%]
winupdate/tests.py::TestWinUpdatePermissions::test_get_scan_install_permissions PASSED [ 13%]
ee/reporting/tests/test_base_template_views.py::TestGetAddReportHTMLTemplate::test_get_all_report_html_templates PASSED [ 13%]
ee/reporting/tests/test_base_template_views.py::TestGetAddReportHTMLTemplate::test_post_new_report_html_template PASSED [ 13%]
ee/reporting/tests/test_base_template_views.py::TestGetAddReportHTMLTemplate::test_post_invalid_data PASSED [ 14%]
ee/reporting/tests/test_base_template_views.py::TestGetAddReportHTMLTemplate::test_unauthenticated_add_html_template_view PASSED [ 14%]
ee/reporting/tests/test_base_template_views.py::TestGetAddReportHTMLTemplate::test_unauthenticated_get_html_templates_view PASSED [ 14%]
ee/reporting/tests/test_base_template_views.py::TestGetEditDeleteReportHTMLTemplate::test_delete_report_html_template PASSED [ 14%]
ee/reporting/tests/test_base_template_views.py::TestGetEditDeleteReportHTMLTemplate::test_delete_non_existent_template PASSED [ 14%]
ee/reporting/tests/test_base_template_views.py::TestGetEditDeleteReportHTMLTemplate::test_unauthenticated_edit_html_template_view PASSED [ 14%]
ee/reporting/tests/test_base_template_views.py::TestGetEditDeleteReportHTMLTemplate::test_put_update_report_html_template PASSED [ 14%]
ee/reporting/tests/test_base_template_views.py::TestGetEditDeleteReportHTMLTemplate::test_get_non_existent_template PASSED [ 15%]
ee/reporting/tests/test_base_template_views.py::TestGetEditDeleteReportHTMLTemplate::test_get_specific_report_html_template PASSED [ 15%]
ee/reporting/tests/test_base_template_views.py::TestGetEditDeleteReportHTMLTemplate::test_unauthenticated_delete_html_template_view PASSED [ 15%]
ee/reporting/tests/test_base_template_views.py::TestGetEditDeleteReportHTMLTemplate::test_unauthenticated_get_html_template_view PASSED [ 15%]
ee/reporting/tests/test_base_template_views.py::TestGetEditDeleteReportHTMLTemplate::test_put_invalid_data PASSED [ 15%]
ee/reporting/tests/test_report_template_views.py::TestGetAllowedValues::test_invalid_input PASSED [ 15%]
ee/reporting/tests/test_report_template_views.py::TestGetAllowedValues::test_valid_input PASSED [ 16%]
ee/reporting/tests/test_report_template_views.py::TestGetAllowedValues::test_unauthenticated_variable_analysis_view PASSED [ 16%]
ee/reporting/tests/test_report_template_views.py::TestGetAllowedValues::test_empty_variables PASSED [ 16%]
ee/reporting/tests/test_report_template_views.py::TestGenerateReportPreview::test_generate_report_preview_invalid_data PASSED [ 16%]
ee/reporting/tests/test_report_template_views.py::TestGenerateReportPreview::test_generate_report_preview_template_error PASSED [ 16%]
ee/reporting/tests/test_report_template_views.py::TestGenerateReportPreview::test_generate_report_preview_html_format PASSED [ 16%]
ee/reporting/tests/test_report_template_views.py::TestGenerateReportPreview::test_unauthenticated_generate_report_preview_view PASSED [ 16%]
ee/reporting/tests/test_report_template_views.py::TestGenerateReportPreview::test_generate_report_preview_debug PASSED [ 17%]
ee/reporting/tests/test_report_template_views.py::TestGenerateReportPreview::test_generate_report_preview_pdf_format PASSED [ 17%]
ee/reporting/tests/test_report_template_views.py::TestReportTemplateViews::test_get_all_report_templates PASSED [ 17%]
ee/reporting/tests/test_report_template_views.py::TestReportTemplateViews::test_post_report_template_valid_data PASSED [ 17%]
ee/reporting/tests/test_report_template_views.py::TestReportTemplateViews::test_unauthorized_get_report_template_view PASSED [ 17%]
ee/reporting/tests/test_report_template_views.py::TestReportTemplateViews::test_get_report_template PASSED [ 17%]
ee/reporting/tests/test_report_template_views.py::TestReportTemplateViews::test_get_all_report_templates_empty_db PASSED [ 18%]
ee/reporting/tests/test_report_template_views.py::TestReportTemplateViews::test_unauthorized_get_report_templates_view PASSED [ 18%]
ee/reporting/tests/test_report_template_views.py::TestReportTemplateViews::test_get_report_templates_with_filter PASSED [ 18%]
ee/reporting/tests/test_report_template_views.py::TestReportTemplateViews::test_unauthorized_edit_report_template_view PASSED [ 18%]
ee/reporting/tests/test_report_template_views.py::TestReportTemplateViews::test_edit_report_template PASSED [ 18%]
ee/reporting/tests/test_report_template_views.py::TestReportTemplateViews::test_post_report_template_invalid_data PASSED [ 18%]
ee/reporting/tests/test_report_template_views.py::TestReportTemplateViews::test_unauthorized_add_report_template_view PASSED [ 18%]
ee/reporting/tests/test_report_template_views.py::TestReportTemplateViews::test_delete_report_template PASSED [ 19%]
ee/reporting/tests/test_report_template_views.py::TestReportTemplateViews::test_unauthorized_delete_report_template_view PASSED [ 19%]
ee/reporting/tests/test_report_template_views.py::TestReportTemplateGenerateView::test_generate_invalid_format_report PASSED [ 19%]
ee/reporting/tests/test_report_template_views.py::TestReportTemplateGenerateView::test_generate_report_template_error PASSED [ 19%]
ee/reporting/tests/test_report_template_views.py::TestReportTemplateGenerateView::test_generate_html_report PASSED [ 19%]
ee/reporting/tests/test_report_template_views.py::TestReportTemplateGenerateView::test_unauthenticated_generate_report_view PASSED [ 19%]
ee/reporting/tests/test_report_template_views.py::TestReportTemplateGenerateView::test_generate_pdf_report PASSED [ 20%]
ee/reporting/tests/test_report_template_views.py::TestReportTemplateGenerateView::test_generate_report_with_dependencies PASSED [ 20%]
agents/tests/test_agent_save.py::AgentSaveTestCase::test_set_alert_template_not_called_on_non_relevant_field_change PASSED [ 20%]
agents/tests/test_agent_save.py::AgentSaveTestCase::test_set_alert_template_called_on_site_and_montype_change before: server site: 141
after: workstation site: 143
PASSED [ 20%]
agents/tests/test_agent_save.py::AgentSaveTestCase::test_set_alert_template_not_called_without_changes PASSED [ 20%]
agents/tests/test_agent_save.py::AgentSaveTestCase::test_set_alert_template_called_on_mon_type_change PASSED [ 20%]
agents/tests/test_agent_save.py::AgentSaveTestCase::test_set_alert_template_called_on_site_change PASSED [ 20%]
apiv3/tests/tests.py::TestAPIv3::test_run_checks PASSED                  [ 21%]
apiv3/tests/tests.py::TestAPIv3::test_task_runner_get PASSED             [ 21%]
apiv3/tests/tests.py::TestAPIv3::test_checkrunner_interval PASSED        [ 21%]
apiv3/tests/tests.py::TestAPIv3::test_get_checks PASSED                  [ 21%]
apiv3/tests/tests.py::TestAPIv3::test_task_runner_results PASSED         [ 21%]
apiv3/tests/tests.py::TestAPIv3::test_get_agent_config PASSED            [ 21%]
ee/reporting/tests/test_util_functions.py::TestBase64EncodeDecodeAssets::test_base64_encode_assets_multiple_valid_urls PASSED [ 22%]
ee/reporting/tests/test_util_functions.py::TestBase64EncodeDecodeAssets::test_base64_encode_assets_some_invalid_urls PASSED [ 22%]
ee/reporting/tests/test_util_functions.py::TestBase64EncodeDecodeAssets::test_base64_encode_assets_duplicate_urls PASSED [ 22%]
ee/reporting/tests/test_util_functions.py::TestBase64EncodeDecodeAssets::test_base64_encode_assets_no_urls PASSED [ 22%]
ee/reporting/tests/test_util_functions.py::TestBase64EncodeDecodeAssets::test_decode_base64_asset_valid_input PASSED [ 22%]
ee/reporting/tests/test_util_functions.py::TestBase64EncodeDecodeAssets::test_decode_base64_asset_invalid_input PASSED [ 22%]
ee/reporting/tests/test_util_functions.py::TestNormalizeAssets::test_normalize_asset_url_no_asset PASSED [ 22%]
ee/reporting/tests/test_util_functions.py::TestNormalizeAssets::test_normalize_asset_url_valid_html_type PASSED [ 23%]
ee/reporting/tests/test_util_functions.py::TestNormalizeAssets::test_normalize_asset_url_invalid_asset PASSED [ 23%]
ee/reporting/tests/test_util_functions.py::TestNormalizeAssets::test_normalize_asset_url_valid_pdf_type PASSED [ 23%]
ee/reporting/tests/test_dataquery_views.py::TestGetAddReportDataQuery::test_post_invalid_data PASSED [ 23%]
ee/reporting/tests/test_dataquery_views.py::TestGetAddReportDataQuery::test_unauthenticated_add_data_query_view PASSED [ 23%]
ee/reporting/tests/test_dataquery_views.py::TestGetAddReportDataQuery::test_unauthenticated_get_data_queries_view PASSED [ 23%]
ee/reporting/tests/test_dataquery_views.py::TestGetAddReportDataQuery::test_get_all_report_data_queries PASSED [ 24%]
ee/reporting/tests/test_dataquery_views.py::TestGetAddReportDataQuery::test_post_new_report_data_query PASSED [ 24%]
ee/reporting/tests/test_dataquery_views.py::TestGetEditDeleteReportDataQuery::test_put_update_report_data_query PASSED [ 24%]
ee/reporting/tests/test_dataquery_views.py::TestGetEditDeleteReportDataQuery::test_unauthenticated_delete_html_template_view PASSED [ 24%]
ee/reporting/tests/test_dataquery_views.py::TestGetEditDeleteReportDataQuery::test_delete_report_data_query PASSED [ 24%]
ee/reporting/tests/test_dataquery_views.py::TestGetEditDeleteReportDataQuery::test_put_invalid_data PASSED [ 24%]
ee/reporting/tests/test_dataquery_views.py::TestGetEditDeleteReportDataQuery::test_get_non_existent_data_query PASSED [ 24%]
ee/reporting/tests/test_dataquery_views.py::TestGetEditDeleteReportDataQuery::test_unauthenticated_get_data_queries_view PASSED [ 25%]
ee/reporting/tests/test_dataquery_views.py::TestGetEditDeleteReportDataQuery::test_delete_non_existent_data_query PASSED [ 25%]
ee/reporting/tests/test_dataquery_views.py::TestGetEditDeleteReportDataQuery::test_get_specific_report_data_query PASSED [ 25%]
ee/reporting/tests/test_dataquery_views.py::TestGetEditDeleteReportDataQuery::test_unauthenticated_edit_html_template_view PASSED [ 25%]
ee/reporting/tests/test_dataquery_views.py::TestQuerySchema::test_unauthenticated_query_schema_view PASSED [ 25%]
ee/reporting/tests/test_dataquery_views.py::TestQuerySchema::test_get_query_schema PASSED [ 25%]
ee/reporting/tests/test_dataquery_views.py::TestQuerySchema::test_get_query_schema_file_missing PASSED [ 26%]
ee/reporting/tests/test_template_generation.py::TestJinjaDBLoader::test_load_base_template PASSED [ 26%]
ee/reporting/tests/test_template_generation.py::TestJinjaDBLoader::test_html_template_priority PASSED [ 26%]
ee/reporting/tests/test_template_generation.py::TestJinjaDBLoader::test_fallback_to_md_template PASSED [ 26%]
ee/reporting/tests/test_template_generation.py::TestJinjaDBLoader::test_no_template_found PASSED [ 26%]
ee/reporting/tests/test_template_generation.py::TestJinjaGlobals::test_if_re_is_available_in_template PASSED [ 26%]
ee/reporting/tests/test_template_generation.py::TestJinjaGlobals::test_datetime PASSED [ 26%]
ee/reporting/tests/test_template_generation.py::TestGenerateHTML::test_variables_processing PASSED [ 27%]
ee/reporting/tests/test_template_generation.py::TestGenerateHTML::test_css_incorporation PASSED [ 27%]
ee/reporting/tests/test_template_generation.py::TestGenerateHTML::test_html_unchanged PASSED [ 27%]
ee/reporting/tests/test_template_generation.py::TestGenerateHTML::test_markdown_conversion PASSED [ 27%]
ee/reporting/tests/test_template_generation.py::TestGenerateHTML::test_html_template_does_not_exist PASSED [ 27%]
ee/reporting/tests/test_template_generation.py::TestGenerateHTML::test_html_template_exists PASSED [ 27%]
ee/reporting/tests/test_template_generation.py::TestYamlProcessors::test_yaml_command_now_last_30_days PASSED [ 28%]
ee/reporting/tests/test_template_generation.py::TestYamlProcessors::test_yaml_command_now PASSED [ 28%]
autotasks/tests/test_autotasks.py::TestAutoTaskCeleryTasks::test_create_win_task_schedule PASSED [ 28%]
autotasks/tests/test_autotasks.py::TestAutoTaskCeleryTasks::test_run_win_task PASSED [ 28%]
autotasks/tests/test_autotasks.py::TestAutotaskViews::test_add_autotask PASSED [ 28%]
autotasks/tests/test_autotasks.py::TestAutotaskViews::test_run_autotask PASSED [ 28%]
autotasks/tests/test_autotasks.py::TestAutotaskViews::test_get_autotask PASSED [ 28%]
autotasks/tests/test_autotasks.py::TestAutotaskViews::test_update_autotask_rejects_null_schedule_fields SUBPASSED(task_type=TaskType.WEEKLY, null_field='run_time_bit_weekdays') [ 29%]
autotasks/tests/test_autotasks.py::TestAutotaskViews::test_update_autotask_rejects_null_schedule_fields SUBPASSED(task_type=TaskType.WEEKLY, null_field='weekly_interval') [ 29%]
autotasks/tests/test_autotasks.py::TestAutotaskViews::test_update_autotask_rejects_null_schedule_fields SUBPASSED(task_type=TaskType.MONTHLY_DOW, null_field='run_time_bit_weekdays') [ 29%]
autotasks/tests/test_autotasks.py::TestAutotaskViews::test_update_autotask_rejects_null_schedule_fields SUBPASSED(task_type=TaskType.MONTHLY_DOW, null_field='monthly_weeks_of_month') [ 29%]
autotasks/tests/test_autotasks.py::TestAutotaskViews::test_update_autotask_rejects_null_schedule_fields SUBPASSED(task_type=TaskType.MONTHLY, null_field='monthly_days_of_month') [ 29%]
autotasks/tests/test_autotasks.py::TestAutotaskViews::test_update_autotask_rejects_null_schedule_fields SUBPASSED(task_type=TaskType.DAILY, null_field='daily_interval') [ 29%]
autotasks/tests/test_autotasks.py::TestAutotaskViews::test_update_autotask_rejects_null_schedule_fields PASSED [ 29%]
autotasks/tests/test_autotasks.py::TestAutotaskViews::test_get_autotasks PASSED [ 29%]
autotasks/tests/test_autotasks.py::TestAutotaskViews::test_update_autotask PASSED [ 29%]
autotasks/tests/test_autotasks.py::TestAutotaskViews::test_delete_autotask PASSED [ 29%]
autotasks/tests/test_autotasks.py::TestTaskPermissions::test_task_action_permissions PASSED [ 29%]
autotasks/tests/test_autotasks.py::TestTaskPermissions::test_add_task_permissions PASSED [ 29%]
autotasks/tests/test_autotasks.py::TestTaskPermissions::test_task_get_edit_delete_permissions PASSED [ 30%]
autotasks/tests/test_autotasks.py::TestTaskPermissions::test_get_tasks_permissions PASSED [ 30%]
agents/tests/test_agent_update.py::TestAgentUpdate::test_send_agent_update_task PASSED [ 30%]
agents/tests/test_agent_update.py::TestAgentUpdate::test_update_agents_mgmt_command PASSED [ 30%]
agents/tests/test_agent_update.py::TestAgentUpdate::test_update_agents PASSED [ 30%]
agents/tests/test_agent_update.py::TestAgentUpdate::test_agent_update_permissions PASSED [ 30%]
agents/tests/test_agent_update.py::TestAgentUpdate::test_do_update PASSED [ 30%]
agents/tests/test_agent_update.py::TestAgentUpdate::test_auto_self_agent_update_task PASSED [ 31%]
agents/tests/test_agent_utils.py::TestAgentUtils::test_generate_linux_install PASSED [ 31%]
agents/tests/test_agent_utils.py::TestAgentUtils::test_get_agent_url PASSED [ 31%]
agents/tests/test_mgmt_commands.py::TestBulkRestartAgents::test_bulk_restart_agents_mgmt_cmd Restarting Tactical Agent Service on DESKTOP-TEST123
Restarting Tactical Agent Service on DESKTOP-TEST123
Waiting 10 seconds...
Restarting MeshAgent Service on DESKTOP-TEST123
Restarting MeshAgent Service on DESKTOP-TEST123
PASSED [ 31%]
logs/tests.py::TestLogTasks::test_prune_debug_log PASSED                 [ 31%]
logs/tests.py::TestLogTasks::test_prune_audit_log PASSED                 [ 31%]
logs/tests.py::TestAuditViews::test_auditlog_permissions PASSED          [ 32%]
logs/tests.py::TestAuditViews::test_get_debug_log PASSED                 [ 32%]
logs/tests.py::TestAuditViews::test_get_audit_logs PASSED                [ 32%]
logs/tests.py::TestAuditViews::test_delete_pendingaction_permissions PASSED [ 32%]
logs/tests.py::TestAuditViews::test_debuglog_permissions PASSED          [ 32%]
logs/tests.py::TestAuditViews::test_cancel_pending_action PASSED         [ 32%]
logs/tests.py::TestAuditViews::test_get_pendingaction_permissions PASSED [ 32%]
logs/tests.py::TestAuditViews::test_get_pending_actions PASSED           [ 33%]
core/tests_pytest/test_scheduler.py::test_should_run_monthly_last_day_of_leap_year_february PASSED [ 33%]
core/tests_pytest/test_scheduler.py::test_should_run_weekly_correct_day_and_time PASSED [ 33%]
core/tests_pytest/test_scheduler.py::test_should_run_monthly_dow_correct_week_and_day PASSED [ 33%]
core/tests_pytest/test_scheduler.py::test_should_run_monthly_dow_last_week_of_month PASSED [ 33%]
core/tests_pytest/test_scheduler.py::test_should_not_run_daily_off_time PASSED [ 33%]
core/tests_pytest/test_scheduler.py::test_should_not_run_weekly_incorrect_day PASSED [ 34%]
core/tests_pytest/test_scheduler.py::test_should_not_run_monthly_dow_incorrect_week PASSED [ 34%]
core/tests_pytest/test_scheduler.py::test_should_run_daily_exact_time PASSED [ 34%]
core/tests_pytest/test_scheduler.py::test_should_not_run_monthly_incorrect_month PASSED [ 34%]
core/tests_pytest/test_scheduler.py::test_should_run_monthly_last_day_of_month PASSED [ 34%]
core/tests_pytest/test_scheduler.py::test_should_run_monthly_correct_day PASSED [ 34%]
agents/tests/test_agent_installs.py::TestAgentInstalls::test_install_agent PASSED [ 34%]
accounts/test_auth_flow.py::TestLoginEndpoint::test_2fa_flow_returns_knox_token PASSED [ 35%]
accounts/test_auth_flow.py::TestLoginEndpoint::test_invalid_totp_returns_400 PASSED [ 35%]
accounts/test_auth_flow.py::TestLoginEndpoint::test_login_missing_twofactor_returns_400 PASSED [ 35%]
accounts/test_auth_flow.py::TestRoleCache::test_role_cache_roundtrip PASSED [ 35%]
accounts/test_auth_flow.py::TestRoleCache::test_role_cache_invalidated_on_role_save PASSED [ 35%]
accounts/test_auth_flow.py::TestCheckCredsEndpoint::test_invalid_password_returns_400 PASSED [ 35%]
accounts/test_auth_flow.py::TestCheckCredsEndpoint::test_block_dashboard_login_returns_400 PASSED [ 36%]
accounts/test_auth_flow.py::TestCheckCredsEndpoint::test_payload_without_password_returns_400 PASSED [ 36%]
accounts/test_auth_flow.py::TestCheckCredsEndpoint::test_empty_payload_returns_400 PASSED [ 36%]
accounts/test_auth_flow.py::TestCheckCredsEndpoint::test_block_local_user_logon_failsafe_without_sso PASSED [ 36%]
accounts/test_auth_flow.py::TestCheckCredsEndpoint::test_superuser_bypasses_block_local_user_logon PASSED [ 36%]
ee/reporting/tests/test_mgmt_commands.py::TestSchemaGeneration::test_generate_json_schema PASSED [ 36%]
clients/tests.py::TestClientViews::test_delete_client PASSED             [ 36%]
clients/tests.py::TestClientViews::test_edit_client PASSED               [ 37%]
clients/tests.py::TestClientViews::test_get_site PASSED                  [ 37%]
clients/tests.py::TestClientViews::test_add_site PASSED                  [ 37%]
clients/tests.py::TestClientViews::test_get_clients PASSED               [ 37%]
clients/tests.py::TestClientViews::test_delete_deployment PASSED         [ 37%]
clients/tests.py::TestClientViews::test_edit_site PASSED                 [ 37%]
clients/tests.py::TestClientViews::test_get_sites PASSED                 [ 38%]
clients/tests.py::TestClientViews::test_add_client PASSED                [ 38%]
clients/tests.py::TestClientViews::test_add_deployment PASSED            [ 38%]
clients/tests.py::TestClientViews::test_get_deployments PASSED           [ 38%]
clients/tests.py::TestClientViews::test_get_client PASSED                [ 38%]
clients/tests.py::TestClientViews::test_delete_site PASSED               [ 38%]
clients/tests.py::TestClientViews::test_generate_deployment PASSED       [ 38%]
clients/tests.py::TestClientPermissions::test_add_sites_permissions PASSED [ 39%]
clients/tests.py::TestClientPermissions::test_delete_deployments_permissions PASSED [ 39%]
clients/tests.py::TestClientPermissions::test_restricted_user_creating_sites PASSED [ 39%]
clients/tests.py::TestClientPermissions::test_restricted_user_creating_clients PASSED [ 39%]
clients/tests.py::TestClientPermissions::test_get_edit_delete_sites_permissions PASSED [ 39%]
clients/tests.py::TestClientPermissions::test_add_clients_permissions PASSED [ 39%]
clients/tests.py::TestClientPermissions::test_get_edit_delete_clients_permissions PASSED [ 40%]
clients/tests.py::TestClientPermissions::test_get_pendingactions_permissions PASSED [ 40%]
clients/tests.py::TestClientPermissions::test_get_sites_permissions PASSED [ 40%]
clients/tests.py::TestClientPermissions::test_get_clients_permissions PASSED [ 40%]
clients/tests.py::TestClientPermissions::test_add_deployments_permissions PASSED [ 40%]
alerts/test_alert_lifecycle.py::TestAvailabilityAlertIdempotence::test_creates_alert_when_none_exists PASSED [ 40%]
alerts/test_alert_lifecycle.py::TestAvailabilityAlertIdempotence::test_returns_existing_unresolved_alert PASSED [ 40%]
alerts/test_alert_lifecycle.py::TestAvailabilityAlertIdempotence::test_creates_new_alert_after_previous_resolved PASSED [ 41%]
alerts/test_alert_lifecycle.py::TestAlertResolve::test_resolve_sets_resolved_and_clears_snooze PASSED [ 41%]
alerts/test_alert_lifecycle.py::TestAlertResolve::test_resolve_is_idempotent PASSED [ 41%]
alerts/test_alert_lifecycle.py::TestAlertSnooze::test_snooze_until_can_expire PASSED [ 41%]
alerts/test_alert_lifecycle.py::TestAlertSnooze::test_snooze_sets_snoozed_and_snooze_until PASSED [ 41%]
alerts/test_alert_lifecycle.py::TestAlertTypes::test_availability_alert_type PASSED [ 41%]
alerts/test_alert_lifecycle.py::TestAlertTypes::test_check_alert_type PASSED [ 42%]
ee/reporting/tests/test_template_variables.py::TestProcessingDependencies::test_replace_with_client_db_value PASSED [ 42%]
ee/reporting/tests/test_template_variables.py::TestProcessingDependencies::test_replace_with_global_value PASSED [ 42%]
ee/reporting/tests/test_template_variables.py::TestProcessingDependencies::test_missing_non_db_dependencies PASSED [ 42%]
ee/reporting/tests/test_template_variables.py::TestProcessingDependencies::test_multiple_replacements PASSED [ 42%]
ee/reporting/tests/test_template_variables.py::TestProcessingDependencies::test_replace_with_agent_db_value PASSED [ 42%]
ee/reporting/tests/test_template_variables.py::TestProcessingDependencies::test_replace_with_non_db_dependencies PASSED [ 42%]
ee/reporting/tests/test_template_variables.py::TestProcessingDependencies::test_replace_with_site_db_value PASSED [ 43%]
ee/reporting/tests/test_template_variables.py::TestProcessingDependencies::test_variables_dependencies_merge PASSED [ 43%]
ee/reporting/tests/test_template_variables.py::TestProcessDataSourceVariables::test_process_data_sources_with_non_dict_data_sources PASSED [ 43%]
ee/reporting/tests/test_template_variables.py::TestProcessDataSourceVariables::test_process_data_sources_without_data_sources PASSED [ 43%]
ee/reporting/tests/test_template_variables.py::TestProcessDataSourceVariables::test_process_data_sources_with_dict_data_sources PASSED [ 43%]
ee/reporting/tests/test_template_variables.py::TestProcessChartVariables::test_process_chart_generate_chart_invocation PASSED [ 43%]
ee/reporting/tests/test_template_variables.py::TestProcessChartVariables::test_process_chart_no_charts PASSED [ 44%]
ee/reporting/tests/test_template_variables.py::TestProcessChartVariables::test_process_chart_no_replace_data_frame PASSED [ 44%]
ee/reporting/tests/test_template_variables.py::TestProcessChartVariables::test_process_chart_missing_keys PASSED [ 44%]
ee/reporting/tests/test_template_variables.py::TestProcessChartVariables::test_process_chart_replaces_data_frame PASSED [ 44%]
ee/reporting/tests/test_template_variables.py::TestPrepVariablesFunction::test_prep_variables_with_dependencies PASSED [ 44%]
ee/reporting/tests/test_template_variables.py::TestPrepVariablesFunction::test_prep_variables_with_charts PASSED [ 44%]
ee/reporting/tests/test_template_variables.py::TestPrepVariablesFunction::test_prep_variables_with_data_sources PASSED [ 44%]
ee/reporting/tests/test_template_variables.py::TestPrepVariablesFunction::test_prep_variables_base PASSED [ 45%]
apiv3/tests/test_anti_oom.py::TestAgentConfigAntiOOM::test_configured_intervals_respect_floor PASSED [ 45%]
apiv3/tests/test_anti_oom.py::TestAgentConfigAntiOOM::test_fallbacks_safe_when_settings_missing PASSED [ 45%]
core/tests.py::TestCodeSign::test_delete_codesign PASSED                 [ 45%]
core/tests.py::TestCodeSign::test_edit_codesign_timeout PASSED           [ 45%]
core/tests.py::TestCodeSign::test_get_codesign PASSED                    [ 45%]
core/tests.py::TestMeshWSUrl::test_docker_install PASSED                 [ 46%]
core/tests.py::TestMeshWSUrl::test_standard_install PASSED               [ 46%]
core/tests.py::TestMeshWSUrl::test_standard_install_custom_port PASSED   [ 46%]
core/tests.py::TestMeshWSUrl::test_external_mesh PASSED                  [ 46%]
core/tests.py::TestConsumers::test_dash_info PASSED                      [ 46%]
core/tests.py::TestCoreMgmtCommands::test_get_config api.example.com
1.4.0
0.101.59
1.1.32
2.14.0
https://rmm.example.com
rmm.example.com
https://api.example.com/abc123456/
80.9.0
0.45.1
test_pipeline
pipeline
127.0.0.1
pipeline123456

https://example.com
pipeline
41410834b8bb4481446027f87d88ec6f119eb9aa97860366440b778540c7399613f7cabfef4f1aa5c0bd9beae03757e17b2e990e5876b0d9924da59bdf24d3437b3ed1a8593b78d65a72a76c794160d9
example.com
/etc/letsencrypt/live/example.com/fullchain.pem
/etc/letsencrypt/live/example.com/privkey.pem
PASSED              [ 46%]
core/tests.py::TestCoreTasks::test_update_keystore PASSED                [ 46%]
core/tests.py::TestCoreTasks::test_add_custom_field PASSED               [ 47%]
core/tests.py::TestCoreTasks::test_update_custom_field PASSED            [ 47%]
core/tests.py::TestCoreTasks::test_delete_custom_field PASSED            [ 47%]
core/tests.py::TestCoreTasks::test_get_core_settings PASSED              [ 47%]
core/tests.py::TestCoreTasks::test_get_custom_fields PASSED              [ 47%]
core/tests.py::TestCoreTasks::test_add_urlaction PASSED                  [ 47%]
core/tests.py::TestCoreTasks::test_vue_version PASSED                    [ 48%]
core/tests.py::TestCoreTasks::test_delete_keystore PASSED                [ 48%]
core/tests.py::TestCoreTasks::test_update_urlaction PASSED               [ 48%]
core/tests.py::TestCoreTasks::test_hosted_edit_coresettings PASSED       [ 48%]
core/tests.py::TestCoreTasks::test_ui_maintenance_actions PASSED         [ 48%]
core/tests.py::TestCoreTasks::test_dashboard_info PASSED                 [ 48%]
core/tests.py::TestCoreTasks::test_core_maintenance_tasks PASSED         [ 48%]
core/tests.py::TestCoreTasks::test_run_url_action PASSED                 [ 49%]
core/tests.py::TestCoreTasks::test_get_custom_field PASSED               [ 49%]
core/tests.py::TestCoreTasks::test_delete_urlaction PASSED               [ 49%]
core/tests.py::TestCoreTasks::test_get_custom_fields_by_model PASSED     [ 49%]
core/tests.py::TestCoreTasks::test_get_urlaction PASSED                  [ 49%]
core/tests.py::TestCoreTasks::test_get_keystore PASSED                   [ 49%]
core/tests.py::TestCoreTasks::test_add_keystore PASSED                   [ 50%]
core/tests.py::TestCoreTasks::test_edit_coresettings PASSED              [ 50%]
core/tests.py::TestCoreTasks::test_clear_cache PASSED                    [ 50%]
core/tests.py::TestCoreUtils::test_get_meshagent_url_docker PASSED       [ 50%]
core/tests.py::TestCoreUtils::test_get_meshagent_url_mesh_port PASSED    [ 50%]
core/tests.py::TestCoreUtils::test_get_meshagent_url_standard PASSED     [ 50%]
core/tests.py::TestCoreUtils::test_get_meshagent_url_external_mesh PASSED [ 51%]
core/tests.py::TestNatsUrls::test_standard_install PASSED                [ 51%]
core/tests.py::TestNatsUrls::test_docker_nats_hosts PASSED               [ 51%]
core/tests.py::TestNatsUrls::test_docker_nats PASSED                     [ 51%]
core/tests.py::TestNatsUrls::test_standard_nats_hosts PASSED             [ 51%]
core/tests.py::TestNatsUrls::test_custom_connect_host_env PASSED         [ 51%]
core/tests.py::TestNatsUrls::test_custom_port_nats_standard PASSED       [ 51%]
observerrmm/tests.py::TestUtils::test_bitdays_to_string PASSED           [ 52%]
observerrmm/tests.py::TestUtils::test_constants_fields_exist PASSED      [ 52%]
observerrmm/tests.py::TestUtils::test_generate_winagent_exe_success PASSED [ 52%]
observerrmm/tests.py::TestUtils::test_generate_winagent_exe_timeout PASSED [ 52%]
observerrmm/tests.py::TestUtils::test_reload_nats_docker PASSED          [ 52%]
observerrmm/tests.py::TestUtils::test_reload_nats PASSED                 [ 52%]
alerts/tests.py::TestAlertsViews::test_alert_template_related PASSED     [ 53%]
alerts/tests.py::TestAlertsViews::test_add_alert_template PASSED         [ 53%]
alerts/tests.py::TestAlertsViews::test_update_alert PASSED               [ 53%]
alerts/tests.py::TestAlertsViews::test_delete_alert PASSED               [ 53%]
alerts/tests.py::TestAlertsViews::test_get_alert_template PASSED         [ 53%]
alerts/tests.py::TestAlertsViews::test_get_alert PASSED                  [ 53%]
alerts/tests.py::TestAlertsViews::test_delete_alert_template PASSED      [ 53%]
alerts/tests.py::TestAlertsViews::test_update_alert_template PASSED      [ 54%]
alerts/tests.py::TestAlertsViews::test_add_alert PASSED                  [ 54%]
alerts/tests.py::TestAlertsViews::test_get_alert_templates PASSED        [ 54%]
alerts/tests.py::TestAlertsViews::test_bulk_alert_actions PASSED         [ 54%]
alerts/tests.py::TestAlertPermissions::test_edit_delete_get_alert_permissions PASSED [ 54%]
alerts/tests.py::TestAlertPermissions::test_handling_multiple_check_alerts_returned PASSED [ 54%]
alerts/tests.py::TestAlertPermissions::test_get_alerts_permissions PASSED [ 55%]
alerts/tests.py::TestAlertPermissions::test_handling_multiple_availability_alerts_returned PASSED [ 55%]
alerts/tests.py::TestAlertPermissions::test_handling_multiple_task_alerts_returned PASSED [ 55%]
alerts/tests.py::TestAlertTasks::test_override_core_settings PASSED      [ 55%]
alerts/tests.py::TestAlertTasks::test_alert_actions PASSED               [ 55%]
alerts/tests.py::TestAlertTasks::test_unsnooze_alert_task PASSED         [ 55%]
alerts/tests.py::TestAlertTasks::test_agent_gets_correct_alert_template PASSED [ 55%]
alerts/tests.py::TestAlertTasks::test_parse_script_args PASSED           [ 56%]
alerts/tests.py::TestAlertTasks::test_handle_task_alerts PASSED          [ 56%]
alerts/tests.py::TestAlertTasks::test_handle_agent_alerts PASSED         [ 56%]
alerts/tests.py::TestAlertTasks::test_prune_resolved_alerts PASSED       [ 56%]
alerts/tests.py::TestAlertTasks::test_handle_check_alerts PASSED         [ 56%]
scripts/tests.py::TestScriptSnippetViews::test_modify_script_snippet PASSED [ 56%]
scripts/tests.py::TestScriptSnippetViews::test_get_script_snippet PASSED [ 57%]
scripts/tests.py::TestScriptSnippetViews::test_add_script_snippet PASSED [ 57%]
scripts/tests.py::TestScriptSnippetViews::test_delete_script_snippet PASSED [ 57%]
scripts/tests.py::TestScriptSnippetViews::test_get_script_snippets PASSED [ 57%]
scripts/tests.py::TestScriptSnippetViews::test_snippet_replacement PASSED [ 57%]
scripts/tests.py::TestScriptViews::test_script_env_vars_replacement_client_custom_fields PASSED [ 57%]
scripts/tests.py::TestScriptViews::test_script_arg_replacement_boolean_fields PASSED [ 57%]
scripts/tests.py::TestScriptViews::test_script_arg_replacement_array_fields PASSED [ 58%]
scripts/tests.py::TestScriptViews::test_get_scripts PASSED               [ 58%]
scripts/tests.py::TestScriptViews::test_script_env_vars_replacement_custom_field PASSED [ 58%]
scripts/tests.py::TestScriptViews::test_modify_script PASSED             [ 58%]
scripts/tests.py::TestScriptViews::test_download_script PASSED           [ 58%]
scripts/tests.py::TestScriptViews::test_script_env_vars_variable_replacement PASSED [ 58%]
scripts/tests.py::TestScriptViews::test_test_script PASSED               [ 59%]
scripts/tests.py::TestScriptViews::test_add_script PASSED                [ 59%]
scripts/tests.py::TestScriptViews::test_script_arg_replacement_custom_field PASSED [ 59%]
scripts/tests.py::TestScriptViews::test_get_script PASSED                [ 59%]
scripts/tests.py::TestScriptViews::test_script_arg_replacement_client_custom_fields PASSED [ 59%]
scripts/tests.py::TestScriptViews::test_script_arg_replacement_site_custom_fields PASSED [ 59%]
scripts/tests.py::TestScriptViews::test_delete_script PASSED             [ 59%]
scripts/tests.py::TestScriptViews::test_script_arg_variable_replacement PASSED [ 60%]
scripts/tests.py::TestScriptViews::test_script_env_vars_replacement_site_custom_fields PASSED [ 60%]
services/tests.py::TestServicePermissions::test_services_permissions PASSED [ 60%]
services/tests.py::TestServiceViews::test_get_services PASSED            [ 60%]
services/tests.py::TestServiceViews::test_edit_service PASSED            [ 60%]
services/tests.py::TestServiceViews::test_service_detail PASSED          [ 60%]
services/tests.py::TestServiceViews::test_service_action PASSED          [ 61%]
software/tests.py::TestSoftwareViews::test_refresh_installed_software PASSED [ 61%]
software/tests.py::TestSoftwareViews::test_chocos_get PASSED             [ 61%]
software/tests.py::TestSoftwareViews::test_get_installed_software PASSED [ 61%]
software/tests.py::TestSoftwareViews::test_install_softare PASSED        [ 61%]
software/tests.py::TestSoftwarePermissions::test_install_refresh_software_permissions PASSED [ 61%]
software/tests.py::TestSoftwarePermissions::test_uninstall_software PASSED [ 61%]
software/tests.py::TestSoftwarePermissions::test_list_software_permissions PASSED [ 62%]
accounts/tests.py::TestAPIAuthentication::test_api_auth PASSED           [ 62%]
accounts/tests.py::TestUserAction::test_put_root_user PASSED             [ 62%]
accounts/tests.py::TestUserAction::test_post_non_root_user PASSED        [ 62%]
accounts/tests.py::TestUserAction::test_put_non_root_user PASSED         [ 62%]
accounts/tests.py::TestUserAction::test_user_ui PASSED                   [ 62%]
accounts/tests.py::TestUserAction::test_put PASSED                       [ 63%]
accounts/tests.py::TestUserAction::test_post_root_user PASSED            [ 63%]
accounts/tests.py::TestUserAction::test_post PASSED                      [ 63%]
accounts/tests.py::TestTOTPSetup::test_post_totp_set PASSED              [ 63%]
accounts/tests.py::TestTOTPSetup::test_post PASSED                       [ 63%]
accounts/tests.py::TestUserReset::test_reset_2fa PASSED                  [ 63%]
accounts/tests.py::TestUserReset::test_reset_pw PASSED                   [ 63%]
accounts/tests.py::GetUpdateDeleteUser::test_get PASSED                  [ 64%]
accounts/tests.py::GetUpdateDeleteUser::test_delete PASSED               [ 64%]
accounts/tests.py::GetUpdateDeleteUser::test_delete_non_root_user PASSED [ 64%]
accounts/tests.py::GetUpdateDeleteUser::test_put PASSED                  [ 64%]
accounts/tests.py::GetUpdateDeleteUser::test_put_not_root_user PASSED    [ 64%]
accounts/tests.py::GetUpdateDeleteUser::test_delete_root_user PASSED     [ 64%]
accounts/tests.py::GetUpdateDeleteUser::test_put_root_user PASSED        [ 65%]
accounts/tests.py::TestGetAddUsers::test_post_add_duplicate PASSED       [ 65%]
accounts/tests.py::TestGetAddUsers::test_get PASSED                      [ 65%]
accounts/tests.py::TestGetAddUsers::test_post_add_new PASSED             [ 65%]
accounts/tests.py::TestAccounts::test_login_view PASSED                  [ 65%]
accounts/tests.py::TestAccounts::test_check_creds PASSED                 [ 65%]
accounts/tests.py::TestAPIKeyViews::test_add_api_keys PASSED             [ 65%]
accounts/tests.py::TestAPIKeyViews::test_get_api_keys PASSED             [ 66%]
accounts/tests.py::TestAPIKeyViews::test_modify_api_key PASSED           [ 66%]
accounts/tests.py::TestAPIKeyViews::test_delete_api_key PASSED           [ 66%]
agents/tests/test_agents.py::TestAgentPermissions::test_get_edit_uninstall_permissions PASSED [ 66%]
agents/tests/test_agents.py::TestAgentPermissions::test_get_agent_version_permissions PASSED [ 66%]
agents/tests/test_agents.py::TestAgentPermissions::test_agent_actions_permissions PASSED [ 66%]
agents/tests/test_agents.py::TestAgentPermissions::test_agent_notes_permissions PASSED [ 67%]
agents/tests/test_agents.py::TestAgentPermissions::test_agent_maintenance_permissions PASSED [ 67%]
agents/tests/test_agents.py::TestAgentPermissions::test_generating_agent_installer_permissions PASSED [ 67%]
agents/tests/test_agents.py::TestAgentPermissions::test_list_agents_permissions PASSED [ 67%]
agents/tests/test_agents.py::TestAgentPermissions::test_get_agent_history_permissions PASSED [ 67%]
agents/tests/test_agents.py::TestAgentViewsNew::test_agent_maintenance_mode PASSED [ 67%]
agents/tests/test_agents.py::TestAgentTasks::test_agent_history_prune_task PASSED [ 67%]
agents/tests/test_agents.py::TestAgentsList::test_get_agents PASSED      [ 68%]
agents/tests/test_agents.py::TestAgentViews::test_edit_agent PASSED      [ 68%]
agents/tests/test_agents.py::TestAgentViews::test_agent_uninstall PASSED [ 68%]
agents/tests/test_agents.py::TestAgentViews::test_run_script PASSED      [ 68%]
agents/tests/test_agents.py::TestAgentViews::test_get_agent_history PASSED [ 68%]
agents/tests/test_agents.py::TestAgentViews::test_reboot_later PASSED    [ 68%]
agents/tests/test_agents.py::TestAgentViews::test_bulk_agent_recovery PASSED [ 69%]
agents/tests/test_agents.py::TestAgentViews::test_add_note PASSED        [ 69%]
agents/tests/test_agents.py::TestAgentViews::test_update_note PASSED     [ 69%]
agents/tests/test_agents.py::TestAgentViews::test_get_event_log PASSED   [ 69%]
agents/tests/test_agents.py::TestAgentViews::test_get_agent_versions PASSED [ 69%]
agents/tests/test_agents.py::TestAgentViews::test_get_note PASSED        [ 69%]
agents/tests/test_agents.py::TestAgentViews::test_get_processes PASSED   [ 69%]
agents/tests/test_agents.py::TestAgentViews::test_recover_mesh PASSED    [ 70%]
agents/tests/test_agents.py::TestAgentViews::test_agent_ping PASSED      [ 70%]
agents/tests/test_agents.py::TestAgentViews::test_get_patch_policy PASSED [ 70%]
agents/tests/test_agents.py::TestAgentViews::test_meshcentral_tabs PASSED [ 70%]
agents/tests/test_agents.py::TestAgentViews::test_kill_process PASSED    [ 70%]
agents/tests/test_agents.py::TestAgentViews::test_get_notes PASSED       [ 70%]
agents/tests/test_agents.py::TestAgentViews::test_delete_note PASSED     [ 71%]
agents/tests/test_agents.py::TestAgentViews::test_send_raw_cmd PASSED    [ 71%]
agents/tests/test_agents.py::TestAgentViews::test_get_agent PASSED       [ 71%]
agents/tests/test_agents.py::TestAgentViews::test_reboot_now PASSED      [ 71%]
ee/reporting/tests/test_data_queries.py::TestAddingCustomFields::test_add_custom_fields_with_default_value[agent] PASSED [ 71%]
ee/reporting/tests/test_data_queries.py::TestAddingCustomFields::test_add_custom_fields_with_list_of_dicts[client-clients.ClientCustomField] PASSED [ 71%]
ee/reporting/tests/test_data_queries.py::TestAddingCustomFields::test_add_custom_fields_with_list_of_dicts[agent-agents.AgentCustomField] PASSED [ 71%]
ee/reporting/tests/test_data_queries.py::TestAddingCustomFields::test_add_custom_fields_with_list_of_dicts[site-clients.SiteCustomField] PASSED [ 72%]
ee/reporting/tests/test_data_queries.py::TestAddingCustomFields::test_add_custom_fields_to_dictionary[agent-agents.AgentCustomField] PASSED [ 72%]
ee/reporting/tests/test_data_queries.py::TestAddingCustomFields::test_add_custom_fields_to_dictionary[client-clients.ClientCustomField] PASSED [ 72%]
ee/reporting/tests/test_data_queries.py::TestAddingCustomFields::test_add_custom_fields_to_dictionary[site-clients.SiteCustomField] PASSED [ 72%]
ee/reporting/tests/test_data_queries.py::TestAddingCustomFields::test_add_custom_fields_with_default_value[site] PASSED [ 72%]
ee/reporting/tests/test_data_queries.py::TestAddingCustomFields::test_add_custom_fields_with_default_value[client] PASSED [ 72%]
ee/reporting/tests/test_data_queries.py::TestBuildingQueryset::test_build_queryset_csv_presentation PASSED [ 73%]
ee/reporting/tests/test_data_queries.py::TestBuildingQueryset::test_build_queryset_json_presentation PASSED [ 73%]
ee/reporting/tests/test_data_queries.py::TestBuildingQueryset::test_build_queryset_filter_only_operation PASSED [ 73%]
ee/reporting/tests/test_data_queries.py::TestBuildingQueryset::test_build_queryset_filter_only_json_combination PASSED [ 73%]
ee/reporting/tests/test_data_queries.py::TestBuildingQueryset::test_build_queryset_get_only_json_combination PASSED [ 73%]
ee/reporting/tests/test_data_queries.py::TestBuildingQueryset::test_make_sure_related_datetime_fields_are_not_strings PASSED [ 73%]
ee/reporting/tests/test_data_queries.py::TestBuildingQueryset::test_build_queryset_with_computed_properties_only_and_defer PASSED [ 73%]
ee/reporting/tests/test_data_queries.py::TestBuildingQueryset::test_build_queryset_result_type_with_get_or_first PASSED [ 74%]
ee/reporting/tests/test_data_queries.py::TestBuildingQueryset::test_build_queryset_filter_order_by_combination PASSED [ 74%]
ee/reporting/tests/test_data_queries.py::TestBuildingQueryset::test_build_queryset_with_restricted_user PASSED [ 74%]
ee/reporting/tests/test_data_queries.py::TestBuildingQueryset::test_build_queryset_limit_ignored_with_first_or_get PASSED [ 74%]
ee/reporting/tests/test_data_queries.py::TestBuildingQueryset::test_build_queryset_with_computed_properties PASSED [ 74%]
ee/reporting/tests/test_data_queries.py::TestBuildingQueryset::test_build_queryset_csv_presentation_rename_columns PASSED [ 74%]
ee/reporting/tests/test_data_queries.py::TestBuildingQueryset::test_filtering_operation_with_multiple_fields PASSED [ 75%]
ee/reporting/tests/test_data_queries.py::TestBuildingQueryset::test_make_sure_datetime_fields_are_not_strings PASSED [ 75%]
ee/reporting/tests/test_data_queries.py::TestBuildingQueryset::test_build_queryset_only_operation PASSED [ 75%]
ee/reporting/tests/test_data_queries.py::TestBuildingQueryset::test_build_queryset_defer_used_over_only PASSED [ 75%]
ee/reporting/tests/test_data_queries.py::TestBuildingQueryset::test_build_query_get_operation PASSED [ 75%]
ee/reporting/tests/test_data_queries.py::TestBuildingQueryset::test_build_queryset_with_invalid_computed_properties PASSED [ 75%]
ee/reporting/tests/test_data_queries.py::TestBuildingQueryset::test_build_queryset_invalid_operation PASSED [ 75%]
ee/reporting/tests/test_data_queries.py::TestBuildingQueryset::test_build_queryset_order_by_operation PASSED [ 76%]
ee/reporting/tests/test_data_queries.py::TestBuildingQueryset::test_build_queryset_field_defer_operation PASSED [ 76%]
ee/reporting/tests/test_data_queries.py::TestBuildingQueryset::test_querying_nested_relations PASSED [ 76%]
ee/reporting/tests/test_data_queries.py::TestBuildingQueryset::test_filtering_with_non_existing_condition PASSED [ 76%]
ee/reporting/tests/test_data_queries.py::TestBuildingQueryset::test_build_queryset_custom_fields PASSED [ 76%]
ee/reporting/tests/test_data_queries.py::TestBuildingQueryset::test_build_queryset_with_computed_properties_and_only PASSED [ 76%]
ee/reporting/tests/test_data_queries.py::TestBuildingQueryset::test_build_queryset_without_model PASSED [ 77%]
ee/reporting/tests/test_data_queries.py::TestBuildingQueryset::test_build_queryset_all_operation PASSED [ 77%]
ee/reporting/tests/test_data_queries.py::TestBuildingQueryset::test_build_queryset_with_dict_result PASSED [ 77%]
ee/reporting/tests/test_data_queries.py::TestBuildingQueryset::test_build_queryset_first_operation PASSED [ 77%]
ee/reporting/tests/test_data_queries.py::TestBuildingQueryset::test_build_queryset_id_is_appended_if_only_exists PASSED [ 77%]
ee/reporting/tests/test_data_queries.py::TestBuildingQueryset::test_build_queryset_result_in_json_format PASSED [ 77%]
ee/reporting/tests/test_data_queries.py::TestBuildingQueryset::test_build_queryset_limit_operation PASSED [ 77%]
ee/reporting/tests/test_data_queries.py::TestBuildingQueryset::test_build_queryset_result_type_without_get_or_first PASSED [ 78%]
ee/reporting/tests/test_data_queries.py::TestBuildingQueryset::test_removing_not_needed_select_related PASSED [ 78%]
ee/reporting/tests/test_data_queries.py::TestBuildingQueryset::test_build_queryset_count_operation PASSED [ 78%]
ee/reporting/tests/test_data_queries.py::TestBuildingQueryset::test_build_queryset_filter_operation PASSED [ 78%]
ee/reporting/tests/test_data_queries.py::TestBuildingQueryset::test_skipping_select_related_if_only_missing PASSED [ 78%]
ee/reporting/tests/test_data_queries.py::TestBuildingQueryset::test_build_queryset_exclude_operation PASSED [ 78%]
ee/reporting/tests/test_data_queries.py::TestBuildingQueryset::test_build_queryset_with_valid_model PASSED [ 79%]
ee/reporting/tests/test_data_queries.py::TestResolvingModels::test_resolve_model_no_model_key PASSED [ 79%]
ee/reporting/tests/test_data_queries.py::TestResolvingModels::test_all_reporting_models_valid PASSED [ 79%]
ee/reporting/tests/test_data_queries.py::TestResolvingModels::test_resolve_model_valid_model PASSED [ 79%]
ee/reporting/tests/test_data_queries.py::TestResolvingModels::test_resolve_model_invalid_model_name PASSED [ 79%]
ee/reporting/tests/test_storage.py::test_get_rel_dir PASSED              [ 79%]
ee/reporting/tests/test_storage.py::test_create_folder_with_conflicting_name PASSED [ 79%]
ee/reporting/tests/test_storage.py::test_create_folder PASSED            [ 80%]
ee/reporting/tests/test_storage.py::test_is_file_wrong_path PASSED       [ 80%]
ee/reporting/tests/test_storage.py::test_get_full_dir PASSED             [ 80%]
ee/reporting/tests/test_storage.py::test_move_directory_traversal PASSED [ 80%]
ee/reporting/tests/test_storage.py::test_rename_directory PASSED         [ 80%]
ee/reporting/tests/test_storage.py::test_rename_with_conflicting_path PASSED [ 80%]
ee/reporting/tests/test_storage.py::test_is_dir_wrong_path PASSED        [ 81%]
ee/reporting/tests/test_storage.py::test_rename_file PASSED              [ 81%]
ee/reporting/tests/test_storage.py::test_move_folder_with_name_conflict PASSED [ 81%]
ee/reporting/tests/test_storage.py::test_full_dir_directory_traversal PASSED [ 81%]
ee/reporting/tests/test_storage.py::test_rename_with_invalid_path PASSED [ 81%]
ee/reporting/tests/test_storage.py::test_create_folder_directory_traversal PASSED [ 81%]
ee/reporting/tests/test_storage.py::test_move_file_with_file_conflict PASSED [ 81%]
ee/reporting/tests/test_storage.py::test_move_file PASSED                [ 82%]
ee/reporting/tests/test_storage.py::test_is_dir PASSED                   [ 82%]
ee/reporting/tests/test_storage.py::test_rename_denies_directory_traversal PASSED [ 82%]
ee/reporting/tests/test_storage.py::test_move_folder PASSED              [ 82%]
ee/reporting/tests/test_storage.py::test_is_file PASSED                  [ 82%]
ee/reporting/tests/test_report_asset_views.py::TestGetAllAssets::test_general_functionality PASSED [ 82%]
ee/reporting/tests/test_report_asset_views.py::TestGetAllAssets::test_invalid_report_assets_dir PASSED [ 83%]
ee/reporting/tests/test_report_asset_views.py::TestGetAllAssets::test_only_folders PASSED [ 83%]
ee/reporting/tests/test_report_asset_views.py::TestGetAllAssets::test_unauthenticated_get_report_assets_all_view PASSED [ 83%]
ee/reporting/tests/test_report_asset_views.py::TestGetReportAssets::test_valid_path_with_dir_and_files PASSED [ 83%]
ee/reporting/tests/test_report_asset_views.py::TestGetReportAssets::test_no_path PASSED [ 83%]
ee/reporting/tests/test_report_asset_views.py::TestGetReportAssets::test_invalid_path PASSED [ 83%]
ee/reporting/tests/test_report_asset_views.py::TestGetReportAssets::test_unauthenticated_get_report_assets_view PASSED [ 83%]
ee/reporting/tests/test_report_asset_views.py::TestDeleteAssets::test_delete_os_error PASSED [ 84%]
ee/reporting/tests/test_report_asset_views.py::TestDeleteAssets::test_delete_directory_success PASSED [ 84%]
ee/reporting/tests/test_report_asset_views.py::TestDeleteAssets::test_delete_suspicious_operation PASSED [ 84%]
ee/reporting/tests/test_report_asset_views.py::TestDeleteAssets::test_delete_asset_not_in_db_but_on_fs PASSED [ 84%]
ee/reporting/tests/test_report_asset_views.py::TestDeleteAssets::test_unauthenticated_delete_assets_view PASSED [ 84%]
ee/reporting/tests/test_report_asset_views.py::TestDeleteAssets::test_delete_file_success PASSED [ 84%]
ee/reporting/tests/test_report_asset_views.py::TestAssetDownload::test_download_invalid_path PASSED [ 85%]
ee/reporting/tests/test_report_asset_views.py::TestAssetDownload::test_unauthenticated_uploads_assets_view PASSED [ 85%]
ee/reporting/tests/test_report_asset_views.py::TestAssetDownload::test_download_os_error PASSED [ 85%]
ee/reporting/tests/test_report_asset_views.py::TestAssetDownload::test_download_suspicious_operation PASSED [ 85%]
ee/reporting/tests/test_report_asset_views.py::TestAssetDownload::test_download_file_success PASSED [ 85%]
ee/reporting/tests/test_report_asset_views.py::TestAssetDownload::test_download_directory_success PASSED [ 85%]
ee/reporting/tests/test_report_asset_views.py::TestNewFolder::test_unauthenticated_new_folder_view PASSED [ 85%]
ee/reporting/tests/test_report_asset_views.py::TestNewFolder::test_create_folder_missing_path PASSED [ 86%]
ee/reporting/tests/test_report_asset_views.py::TestNewFolder::test_create_folder_success PASSED [ 86%]
ee/reporting/tests/test_report_asset_views.py::TestNewFolder::test_create_folder_suspicious_operation PASSED [ 86%]
ee/reporting/tests/test_report_asset_views.py::TestNewFolder::test_create_folder_os_error PASSED [ 86%]
ee/reporting/tests/test_report_asset_views.py::TestRenameAsset::test_unauthenticated_rename_report_asset_view PASSED [ 86%]
ee/reporting/tests/test_report_asset_views.py::TestRenameAsset::test_rename_non_existent_file PASSED [ 86%]
ee/reporting/tests/test_report_asset_views.py::TestRenameAsset::test_rename_file PASSED [ 87%]
ee/reporting/tests/test_report_asset_views.py::TestRenameAsset::test_rename_folder PASSED [ 87%]
ee/reporting/tests/test_report_asset_views.py::TestRenameAsset::test_suspicious_operation PASSED [ 87%]
ee/reporting/tests/test_report_asset_views.py::TestUploadAssets::test_unauthenticated_uploads_assets_view PASSED [ 87%]
ee/reporting/tests/test_report_asset_views.py::TestUploadAssets::test_upload_success PASSED [ 87%]
ee/reporting/tests/test_report_asset_views.py::TestUploadAssets::test_upload_suspicious_operation PASSED [ 87%]
ee/reporting/tests/test_report_asset_views.py::TestUploadAssets::test_upload_invalid_directory PASSED [ 87%]
ee/reporting/tests/test_report_asset_views.py::TestAssetNginxRedirect::test_no_id PASSED [ 88%]
ee/reporting/tests/test_report_asset_views.py::TestAssetNginxRedirect::test_valid_uuid_wrong_path PASSED [ 88%]
ee/reporting/tests/test_report_asset_views.py::TestAssetNginxRedirect::test_invalid_uuid PASSED [ 88%]
ee/reporting/tests/test_report_asset_views.py::TestAssetNginxRedirect::test_valid_uuid_no_asset PASSED [ 88%]
ee/reporting/tests/test_report_asset_views.py::TestAssetNginxRedirect::test_valid_uuid_and_path PASSED [ 88%]
checks/tests.py::TestCheckTasks::test_prune_check_history PASSED         [ 88%]
checks/tests.py::TestCheckTasks::test_handle_winsvc_check PASSED         [ 89%]
checks/tests.py::TestCheckTasks::test_handle_memory_check PASSED         [ 89%]
checks/tests.py::TestCheckTasks::test_handle_cpuload_check PASSED        [ 89%]
checks/tests.py::TestCheckTasks::test_handle_ping_check PASSED           [ 89%]
checks/tests.py::TestCheckTasks::test_handle_eventlog_check PASSED       [ 89%]
checks/tests.py::TestCheckTasks::test_handle_diskspace_check PASSED      [ 89%]
checks/tests.py::TestCheckTasks::test_handle_script_check PASSED         [ 89%]
checks/tests.py::TestCheckPermissions::test_check_action_permissions PASSED [ 90%]
checks/tests.py::TestCheckPermissions::test_get_checks_permissions PASSED [ 90%]
checks/tests.py::TestCheckPermissions::test_check_get_edit_delete_permissions PASSED [ 90%]
checks/tests.py::TestCheckPermissions::test_check_history_permissions PASSED [ 90%]
checks/tests.py::TestCheckPermissions::test_add_check_permissions PASSED [ 90%]
checks/tests.py::TestCheckViews::test_run_checks PASSED                  [ 90%]
checks/tests.py::TestCheckViews::test_get_check_history PASSED           [ 91%]
checks/tests.py::TestCheckViews::test_reset_all_checks_status PASSED     [ 91%]
checks/tests.py::TestCheckViews::test_add_cpuload_check PASSED           [ 91%]
checks/tests.py::TestCheckViews::test_delete_agent_check PASSED          [ 91%]
checks/tests.py::TestCheckViews::test_add_disk_check PASSED              [ 91%]
checks/tests.py::TestCheckViews::test_add_memory_check PASSED            [ 91%]
checks/tests.py::TestCheckViews::test_get_check PASSED                   [ 91%]
checks/tests.py::TestCheckViews::test_get_checks PASSED                  [ 92%]
autotasks/tests/test_schedule_constraints.py::TestScheduleInvariantConstraints::test_orm_write_violating_invariant_raises_integrity_error SUBPASSED(task_type=TaskType.RUN_ONCE) [ 92%]
autotasks/tests/test_schedule_constraints.py::TestScheduleInvariantConstraints::test_orm_write_violating_invariant_raises_integrity_error SUBPASSED(task_type=TaskType.DAILY) [ 92%]
autotasks/tests/test_schedule_constraints.py::TestScheduleInvariantConstraints::test_orm_write_violating_invariant_raises_integrity_error SUBPASSED(task_type=TaskType.WEEKLY) [ 92%]
autotasks/tests/test_schedule_constraints.py::TestScheduleInvariantConstraints::test_orm_write_violating_invariant_raises_integrity_error SUBPASSED(task_type=TaskType.MONTHLY) [ 92%]
autotasks/tests/test_schedule_constraints.py::TestScheduleInvariantConstraints::test_orm_write_violating_invariant_raises_integrity_error SUBPASSED(task_type=TaskType.MONTHLY_DOW) [ 92%]
autotasks/tests/test_schedule_constraints.py::TestScheduleInvariantConstraints::test_orm_write_violating_invariant_raises_integrity_error SUBPASSED(task_type=TaskType.CHECK_FAILURE) [ 92%]
autotasks/tests/test_schedule_constraints.py::TestScheduleInvariantConstraints::test_orm_write_violating_invariant_raises_integrity_error PASSED [ 92%]
autotasks/tests/test_schedule_constraints.py::TestScheduleInvariantConstraints::test_sanitize_command_dry_run_reports_without_modifying PASSED [ 92%]
autotasks/tests/test_schedule_constraints.py::TestScheduleInvariantConstraints::test_sanitize_command_clean_db_reports_nothing PASSED [ 92%]
autotasks/tests/test_schedule_constraints.py::TestScheduleInvariantConstraints::test_sanitize_command_converts_to_manual_disabled_with_debuglog PASSED [ 92%]
autotasks/tests/test_schedule_constraints.py::TestScheduleInvariantConstraints::test_orm_write_valid_schedule_passes SUBPASSED(task_type=TaskType.RUN_ONCE) [ 92%]
autotasks/tests/test_schedule_constraints.py::TestScheduleInvariantConstraints::test_orm_write_valid_schedule_passes SUBPASSED(task_type=TaskType.DAILY) [ 92%]
autotasks/tests/test_schedule_constraints.py::TestScheduleInvariantConstraints::test_orm_write_valid_schedule_passes SUBPASSED(task_type=TaskType.WEEKLY) [ 92%]
autotasks/tests/test_schedule_constraints.py::TestScheduleInvariantConstraints::test_orm_write_valid_schedule_passes SUBPASSED(task_type=TaskType.MONTHLY) [ 92%]
autotasks/tests/test_schedule_constraints.py::TestScheduleInvariantConstraints::test_orm_write_valid_schedule_passes SUBPASSED(task_type=TaskType.MONTHLY_DOW) [ 92%]
autotasks/tests/test_schedule_constraints.py::TestScheduleInvariantConstraints::test_orm_write_valid_schedule_passes SUBPASSED(task_type=TaskType.CHECK_FAILURE) [ 92%]
autotasks/tests/test_schedule_constraints.py::TestScheduleInvariantConstraints::test_orm_write_valid_schedule_passes SUBPASSED(task_type=TaskType.MANUAL) [ 92%]
autotasks/tests/test_schedule_constraints.py::TestScheduleInvariantConstraints::test_orm_write_valid_schedule_passes SUBPASSED(task_type=TaskType.ONBOARDING) [ 92%]
autotasks/tests/test_schedule_constraints.py::TestScheduleInvariantConstraints::test_orm_write_valid_schedule_passes SUBPASSED(task_type=TaskType.SCHEDULED) [ 92%]
autotasks/tests/test_schedule_constraints.py::TestScheduleInvariantConstraints::test_orm_write_valid_schedule_passes PASSED [ 92%]
checks/test_check_lifecycle.py::TestCheckLifecycle::test_failing_increments_fail_count PASSED [ 93%]
checks/test_check_lifecycle.py::TestCheckLifecycle::test_passing_resets_fail_count PASSED [ 93%]
checks/test_check_lifecycle.py::TestCheckLifecycle::test_initial_result_is_pending_status PASSED [ 93%]
checks/test_check_lifecycle.py::TestCheckLifecycle::test_fails_b4_alert_threshold_respected PASSED [ 93%]
checks/test_check_lifecycle.py::TestCheckThresholds::test_cpuload_check_has_thresholds PASSED [ 93%]
checks/test_check_lifecycle.py::TestCheckThresholds::test_diskspace_check_has_thresholds PASSED [ 93%]
checks/test_check_lifecycle.py::TestCheckThresholds::test_memory_check_has_thresholds PASSED [ 93%]
agents/tests/test_consumers.py::TestNatsStreamCmd::test_connect_failure_sends_error PASSED [ 94%]
agents/tests/test_consumers.py::TestNatsStreamCmd::test_publish_subscribe_failure_sends_error PASSED [ 94%]
agents/tests/test_consumers.py::TestNatsStreamCmd::test_message_handler_dict_payload PASSED [ 94%]
agents/tests/test_consumers.py::TestNatsStreamCmd::test_timeout_triggers_cleanup PASSED [ 94%]
agents/tests/test_consumers.py::TestNatsStreamCmd::test_message_handler_payload_decoding_failure PASSED [ 94%]
agents/tests/test_consumers.py::TestNatsStreamCmd::test_stop_event_triggers_early_exit PASSED [ 94%]
agents/tests/test_consumers.py::TestNatsStreamCmd::test_message_handler_str_payload PASSED [ 95%]
agents/tests/test_consumers.py::TestCommandStreamConsumer::test_connect_unauthorized_user_closes_socket PASSED [ 95%]
agents/tests/test_consumers.py::TestCommandStreamConsumer::test_stream_output_filters_correct_keys PASSED [ 95%]
agents/tests/test_consumers.py::TestCommandStreamConsumer::test_disconnect_only_cleans_up_its_own_cmd PASSED [ 95%]
agents/tests/test_consumers.py::TestCommandStreamConsumer::test_connect_permission_denied PASSED [ 95%]
agents/tests/test_consumers.py::TestCommandStreamConsumer::test_creates_agent_history_and_auditlog PASSED [ 95%]
agents/tests/test_consumers.py::TestCommandStreamConsumer::test_receive_json_invalid_payload PASSED [ 95%]
agents/tests/test_consumers.py::TestCommandStreamConsumer::test_disconnect_cleans_up_active_streams PASSED [ 96%]
agents/tests/test_consumers.py::TestCommandStreamConsumer::test_connect_authorized_user PASSED [ 96%]
ee/reporting/tests/test_report_schedule_views.py::TestReportHistoryViewsUnauthorized::test_run_history_permissions[unauthorized_client-403] PASSED [ 96%]
ee/reporting/tests/test_report_schedule_views.py::TestReportHistoryViewsUnauthorized::test_run_history_permissions[unauthenticated_client-401] PASSED [ 96%]
ee/reporting/tests/test_report_schedule_views.py::TestReportHistoryViewsUnauthorized::test_history_list_permissions[unauthorized_client-403] PASSED [ 96%]
ee/reporting/tests/test_report_schedule_views.py::TestReportHistoryViewsUnauthorized::test_history_delete_permissions[unauthenticated_client-401] PASSED [ 96%]
ee/reporting/tests/test_report_schedule_views.py::TestReportHistoryViewsUnauthorized::test_history_delete_permissions[unauthorized_client-403] PASSED [ 97%]
ee/reporting/tests/test_report_schedule_views.py::TestReportHistoryViewsUnauthorized::test_history_list_permissions[unauthenticated_client-401] PASSED [ 97%]
ee/reporting/tests/test_report_schedule_views.py::TestRunReportScheduleView::test_run_schedule_success PASSED [ 97%]
ee/reporting/tests/test_report_schedule_views.py::TestRunReportScheduleView::test_run_schedule_with_error PASSED [ 97%]
ee/reporting/tests/test_report_schedule_views.py::TestReportScheduleViews::test_delete_schedule PASSED [ 97%]
ee/reporting/tests/test_report_schedule_views.py::TestReportScheduleViews::test_retrieve_schedule PASSED [ 97%]
ee/reporting/tests/test_report_schedule_views.py::TestReportScheduleViews::test_create_schedule PASSED [ 97%]
ee/reporting/tests/test_report_schedule_views.py::TestReportScheduleViews::test_list_schedules PASSED [ 98%]
ee/reporting/tests/test_report_schedule_views.py::TestReportScheduleViews::test_update_schedule PASSED [ 98%]
ee/reporting/tests/test_report_schedule_views.py::TestRunReportHistoryView::test_run_history_as_pdf PASSED [ 98%]
ee/reporting/tests/test_report_schedule_views.py::TestRunReportHistoryView::test_run_history_as_html PASSED [ 98%]
ee/reporting/tests/test_report_schedule_views.py::TestRunReportHistoryView::test_run_history_with_bad_format PASSED [ 98%]
ee/reporting/tests/test_report_schedule_views.py::TestReportHistoryViews::test_delete_history PASSED [ 98%]
ee/reporting/tests/test_report_schedule_views.py::TestReportHistoryViews::test_list_history PASSED [ 99%]
ee/reporting/tests/test_report_schedule_views.py::TestReportSchedulesViewsUnauthorized::test_schedule_list_permissions[unauthorized_client-403] PASSED [ 99%]
ee/reporting/tests/test_report_schedule_views.py::TestReportSchedulesViewsUnauthorized::test_schedule_detail_permissions[unauthenticated_client-401] PASSED [ 99%]
ee/reporting/tests/test_report_schedule_views.py::TestReportSchedulesViewsUnauthorized::test_schedule_list_permissions[unauthenticated_client-401] PASSED [ 99%]
ee/reporting/tests/test_report_schedule_views.py::TestReportSchedulesViewsUnauthorized::test_run_schedule_permissions[unauthorized_client-403] PASSED [ 99%]
ee/reporting/tests/test_report_schedule_views.py::TestReportSchedulesViewsUnauthorized::test_run_schedule_permissions[unauthenticated_client-401] PASSED [ 99%]
ee/reporting/tests/test_report_schedule_views.py::TestReportSchedulesViewsUnauthorized::test_schedule_detail_permissions[unauthorized_client-403] PASSED [100%]Destroying test database for alias 'default'...
<unknown>:291: DeprecationWarning: invalid escape sequence '\W'
/opt/observer-smoke/observerrmm/observerrmm/demo_data.py:291: DeprecationWarning: invalid escape sequence '\W'
  spooler_stdout = """
<unknown>:291: DeprecationWarning: invalid escape sequence '\W'
/opt/observer-smoke/observerrmm/observerrmm/demo_data.py:291: DeprecationWarning: invalid escape sequence '\W'
  spooler_stdout = """


=============================== warnings summary ===============================
logs/tests.py::TestAuditViews::test_auditlog_permissions
  /opt/observer-smoke/env/lib/python3.11/site-packages/psycopg/_queries.py:299: RuntimeWarning: coroutine 'AsyncMockMixin._execute_mock_call' was never awaited
    self.params = tuple(
  Enable tracemalloc to get traceback where the object was allocated.
  See https://docs.pytest.org/en/stable/how-to/capture-warnings.html#resource-warnings for more info.

core/tests.py::TestConsumers::test_dash_info
  /opt/observer-smoke/env/lib/python3.11/site-packages/asgiref/sync.py:302: RuntimeWarning: coroutine 'SyncToAsync.__call__' was never awaited
    result = await awaitable
  Enable tracemalloc to get traceback where the object was allocated.
  See https://docs.pytest.org/en/stable/how-to/capture-warnings.html#resource-warnings for more info.

agents/tests/test_agents.py::TestAgentViews::test_run_script
  /usr/local/lib/python3.11/json/decoder.py:353: RuntimeWarning: coroutine 'AsyncMockMixin._execute_mock_call' was never awaited
    obj, end = self.scan_once(s, idx)
  Enable tracemalloc to get traceback where the object was allocated.
  See https://docs.pytest.org/en/stable/how-to/capture-warnings.html#resource-warnings for more info.

agents/tests/test_agents.py::TestAgentViews::test_run_script
  /usr/local/lib/python3.11/json/decoder.py:353: RuntimeWarning: coroutine 'remove_mesh_agent' was never awaited
    obj, end = self.scan_once(s, idx)
  Enable tracemalloc to get traceback where the object was allocated.
  See https://docs.pytest.org/en/stable/how-to/capture-warnings.html#resource-warnings for more info.

ee/reporting/tests/test_data_queries.py::TestBuildingQueryset::test_build_queryset_csv_presentation
  /opt/observer-smoke/env/lib/python3.11/site-packages/pandas/core/arrays/categorical.py:66: RuntimeWarning: coroutine 'AsyncMockMixin._execute_mock_call' was never awaited
    from pandas.core.accessor import (
  Enable tracemalloc to get traceback where the object was allocated.
  See https://docs.pytest.org/en/stable/how-to/capture-warnings.html#resource-warnings for more info.

ee/reporting/tests/test_data_queries.py::TestBuildingQueryset::test_build_queryset_csv_presentation
  /opt/observer-smoke/env/lib/python3.11/site-packages/pandas/core/arrays/categorical.py:66: RuntimeWarning: coroutine 'remove_mesh_agent' was never awaited
    from pandas.core.accessor import (
  Enable tracemalloc to get traceback where the object was allocated.
  See https://docs.pytest.org/en/stable/how-to/capture-warnings.html#resource-warnings for more info.

-- Docs: https://docs.pytest.org/en/stable/how-to/capture-warnings.html
================================ tests coverage ================================
_______________ coverage: platform linux, python 3.11.8-final-0 ________________

Coverage XML written to file coverage.xml
======= 649 passed, 6 warnings, 21 subtests passed in 529.56s (0:08:49) ========
